<?xml version="1.0" encoding="UTF-8"?>
<testng-results skipped="0" failed="0" ignored="0" total="2" passed="2">
  <reporter-output>
  </reporter-output>
  <suite name="Default suite" duration-ms="35" started-at="2020-11-02T10:55:34 EST" finished-at="2020-11-02T10:55:34 EST">
    <groups>
    </groups>
    <test name="Default test" duration-ms="35" started-at="2020-11-02T10:55:34 EST" finished-at="2020-11-02T10:55:34 EST">
      <class name="com.testng.naveen.BasicTestNG">
        <test-method status="PASS" signature="setUp()[pri:0, instance:com.testng.naveen.BasicTestNG@1c3a4799]" name="setUp" is-config="true" duration-ms="8" started-at="2020-11-02T10:55:34 EST" finished-at="2020-11-02T10:55:34 EST">
          <reporter-output>
          </reporter-output>
        </test-method> <!-- setUp -->
        <test-method status="PASS" signature="launchBrowser()[pri:0, instance:com.testng.naveen.BasicTestNG@1c3a4799]" name="launchBrowser" is-config="true" duration-ms="1" started-at="2020-11-02T10:55:34 EST" finished-at="2020-11-02T10:55:34 EST">
          <reporter-output>
          </reporter-output>
        </test-method> <!-- launchBrowser -->
        <test-method status="PASS" signature="login()[pri:0, instance:com.testng.naveen.BasicTestNG@1c3a4799]" name="login" is-config="true" duration-ms="0" started-at="2020-11-02T10:55:34 EST" finished-at="2020-11-02T10:55:34 EST">
          <reporter-output>
          </reporter-output>
        </test-method> <!-- login -->
        <test-method status="PASS" signature="enterURL()[pri:0, instance:com.testng.naveen.BasicTestNG@1c3a4799]" name="enterURL" is-config="true" duration-ms="1" started-at="2020-11-02T10:55:34 EST" finished-at="2020-11-02T10:55:34 EST">
          <reporter-output>
          </reporter-output>
        </test-method> <!-- enterURL -->
        <test-method status="PASS" signature="searchTest()[pri:0, instance:com.testng.naveen.BasicTestNG@1c3a4799]" name="searchTest" duration-ms="5" started-at="2020-11-02T10:55:34 EST" finished-at="2020-11-02T10:55:34 EST">
          <reporter-output>
          </reporter-output>
        </test-method> <!-- searchTest -->
        <test-method status="PASS" signature="logOut()[pri:0, instance:com.testng.naveen.BasicTestNG@1c3a4799]" name="logOut" is-config="true" duration-ms="1" started-at="2020-11-02T10:55:34 EST" finished-at="2020-11-02T10:55:34 EST">
          <reporter-output>
          </reporter-output>
        </test-method> <!-- logOut -->
        <test-method status="PASS" signature="titleTest()[pri:0, instance:com.testng.naveen.BasicTestNG@1c3a4799]" name="titleTest" duration-ms="1" started-at="2020-11-02T10:55:34 EST" finished-at="2020-11-02T10:55:34 EST">
          <reporter-output>
          </reporter-output>
        </test-method> <!-- titleTest -->
        <test-method status="PASS" signature="enterURL()[pri:0, instance:com.testng.naveen.BasicTestNG@1c3a4799]" name="enterURL" is-config="true" duration-ms="0" started-at="2020-11-02T10:55:34 EST" finished-at="2020-11-02T10:55:34 EST">
          <reporter-output>
          </reporter-output>
        </test-method> <!-- enterURL -->
        <test-method status="PASS" signature="logOut()[pri:0, instance:com.testng.naveen.BasicTestNG@1c3a4799]" name="logOut" is-config="true" duration-ms="0" started-at="2020-11-02T10:55:34 EST" finished-at="2020-11-02T10:55:34 EST">
          <reporter-output>
          </reporter-output>
        </test-method> <!-- logOut -->
        <test-method status="PASS" signature="closeBrowser()[pri:0, instance:com.testng.naveen.BasicTestNG@1c3a4799]" name="closeBrowser" is-config="true" duration-ms="0" started-at="2020-11-02T10:55:34 EST" finished-at="2020-11-02T10:55:34 EST">
          <reporter-output>
          </reporter-output>
        </test-method> <!-- closeBrowser -->
        <test-method status="PASS" signature="quitBrowser()[pri:0, instance:com.testng.naveen.BasicTestNG@1c3a4799]" name="quitBrowser" is-config="true" duration-ms="0" started-at="2020-11-02T10:55:34 EST" finished-at="2020-11-02T10:55:34 EST">
          <reporter-output>
          </reporter-output>
        </test-method> <!-- quitBrowser -->
        <test-method status="PASS" signature="generateTestReport()[pri:0, instance:com.testng.naveen.BasicTestNG@1c3a4799]" name="generateTestReport" is-config="true" duration-ms="1" started-at="2020-11-02T10:55:34 EST" finished-at="2020-11-02T10:55:34 EST">
          <reporter-output>
          </reporter-output>
        </test-method> <!-- generateTestReport -->
      </class> <!-- com.testng.naveen.BasicTestNG -->
    </test> <!-- Default test -->
  </suite> <!-- Default suite -->
</testng-results>
